15:07:23 **** Incremental Build of configuration Release for project CFunctions ****
make all 
Building file: ../com_baiper06_jni_Main.c
Invoking: Cross GCC Compiler
gcc -I/usr/lib/jvm/java-7-openjdk-amd64/include -I/usr/lib/jvm/java-7-openjdk-amd64/include/linux -O3 -Wall -c -fmessage-length=0 -ansi -fPIC -MMD -MP -MF"com_baiper06_jni_Main.d" -MT"com_baiper06_jni_Main.d" -o "com_baiper06_jni_Main.o" "../com_baiper06_jni_Main.c"
Finished building: ../com_baiper06_jni_Main.c
 
Building target: libCFunctions.so
Invoking: Cross GCC Linker
gcc -shared -o "libCFunctions.so"  ./com_baiper06_jni_Main.o   
Finished building target: libCFunctions.so
 
15:08:11 **** Incremental Build of configuration Release for project CFunctions ****
make all 
make: Nothing to be done for `all'.
15:08:35 **** Incremental Build of configuration Release for project CFunctions ****
make all 
make: Nothing to be done for `all'.
15:15:15 **** Incremental Build of configuration Release for project CFunctions ****
make all 
Building file: ../com_baiper06_jni_Main.c
Invoking: Cross GCC Compiler
gcc -I/usr/lib/jvm/java-7-openjdk-amd64/include -I/usr/lib/jvm/java-7-openjdk-amd64/include/linux -O3 -Wall -c -fmessage-length=0 -ansi -fPIC -MMD -MP -MF"com_baiper06_jni_Main.d" -MT"com_baiper06_jni_Main.d" -o "com_baiper06_jni_Main.o" "../com_baiper06_jni_Main.c"
Finished building: ../com_baiper06_jni_Main.c
 
Building target: libCFunctions.so
Invoking: Cross GCC Linker
gcc -shared -o "libCFunctions.so"  ./com_baiper06_jni_Main.o   
Finished building target: libCFunctions.so
 
15:23:27 **** Incremental Build of configuration Release for project CFunctions ****
make all 
Building file: ../com_baiper06_jni_Main.c
Invoking: Cross GCC Compiler
gcc -I/usr/lib/jvm/java-7-openjdk-amd64/include -I/usr/lib/jvm/java-7-openjdk-amd64/include/linux -O3 -Wall -c -fmessage-length=0 -ansi -fPIC -MMD -MP -MF"com_baiper06_jni_Main.d" -MT"com_baiper06_jni_Main.d" -o "com_baiper06_jni_Main.o" "../com_baiper06_jni_Main.c"
Finished building: ../com_baiper06_jni_Main.c
 
Building target: libCFunctions.so
Invoking: Cross GCC Linker
gcc -shared -o "libCFunctions.so"  ./com_baiper06_jni_Main.o   
Finished building target: libCFunctions.so
 
15:34:19 **** Incremental Build of configuration Release for project CFunctions ****
make all 
Building file: ../com_baiper06_jni_Main.c
Invoking: Cross GCC Compiler
gcc -I/usr/lib/jvm/java-7-openjdk-amd64/include -I/usr/lib/jvm/java-7-openjdk-amd64/include/linux -O3 -Wall -c -fmessage-length=0 -ansi -fPIC -MMD -MP -MF"com_baiper06_jni_Main.d" -MT"com_baiper06_jni_Main.d" -o "com_baiper06_jni_Main.o" "../com_baiper06_jni_Main.c"
Finished building: ../com_baiper06_jni_Main.c
 
Building target: libCFunctions.so
Invoking: Cross GCC Linker
gcc -shared -o "libCFunctions.so"  ./com_baiper06_jni_Main.o   
Finished building target: libCFunctions.so
 
15:35:02 **** Incremental Build of configuration Release for project CFunctions ****
make all 
Building file: ../com_baiper06_jni_Main.c
Invoking: Cross GCC Compiler
gcc -I/usr/lib/jvm/java-7-openjdk-amd64/include -I/usr/lib/jvm/java-7-openjdk-amd64/include/linux -O3 -Wall -c -fmessage-length=0 -ansi -fPIC -MMD -MP -MF"com_baiper06_jni_Main.d" -MT"com_baiper06_jni_Main.d" -o "com_baiper06_jni_Main.o" "../com_baiper06_jni_Main.c"
../com_baiper06_jni_Main.c: In function ‘Java_com_baiper06_jni_Main_add’:
../com_baiper06_jni_Main.c:14:2: error: expected expression before ‘/’ token
make: *** [com_baiper06_jni_Main.o] Error 1
15:35:16 **** Incremental Build of configuration Release for project CFunctions ****
make all 
Building file: ../com_baiper06_jni_Main.c
Invoking: Cross GCC Compiler
gcc -I/usr/lib/jvm/java-7-openjdk-amd64/include -I/usr/lib/jvm/java-7-openjdk-amd64/include/linux -O3 -Wall -c -fmessage-length=0 -ansi -fPIC -MMD -MP -MF"com_baiper06_jni_Main.d" -MT"com_baiper06_jni_Main.d" -o "com_baiper06_jni_Main.o" "../com_baiper06_jni_Main.c"
Finished building: ../com_baiper06_jni_Main.c
 
Building target: libCFunctions.so
Invoking: Cross GCC Linker
gcc -shared -o "libCFunctions.so"  ./com_baiper06_jni_Main.o   
Finished building target: libCFunctions.so
 
15:42:50 **** Incremental Build of configuration Release for project CFunctions ****
make all 
Building file: ../com_baiper06_jni_Main.c
Invoking: Cross GCC Compiler
gcc -I/usr/lib/jvm/java-7-openjdk-amd64/include -I/usr/lib/jvm/java-7-openjdk-amd64/include/linux -O3 -Wall -c -fmessage-length=0 -ansi -fPIC -MMD -MP -MF"com_baiper06_jni_Main.d" -MT"com_baiper06_jni_Main.d" -o "com_baiper06_jni_Main.o" "../com_baiper06_jni_Main.c"
Finished building: ../com_baiper06_jni_Main.c
 
Building target: libCFunctions.so
Invoking: Cross GCC Linker
gcc -shared -o "libCFunctions.so"  ./com_baiper06_jni_Main.o   
Finished building target: libCFunctions.so
 
